# JRE version: OpenJDK Runtime Environment (21.0.4) (build 21.0.4+-12508038-b607.1)
# Java VM: OpenJDK 64-Bit Server VM (21.0.4+-12508038-b607.1, mixed mode, tiered, compressed oops, compressed class ptrs, g1 gc, windows-amd64)
GC Precious Log:
 CardTable entry size: 512
 Card Set container configuration: InlinePtr #cards 4 size 8 Array Of Cards #cards 32 size 80 Howl #buckets 8 coarsen threshold 7372 Howl Bitmap #cards 1024 size 144 coarsen threshold 921 Card regions per heap region 1 cards per card region 8192
 CPUs: 8 total, 8 available
 Memory: 5877M
 Large Page Support: Disabled
 NUMA Support: Disabled
 Compressed Oops: Enabled (Zero based)
 Heap Region Size: 4M
 Heap Min Capacity: 8M
 Heap Initial Capacity: 92M
 Heap Max Capacity: 8G
 Pre-touch: Disabled
 Parallel Workers: 8
 Concurrent Workers: 2
 Concurrent Refinement Workers: 8
 Periodic GC: Disabled
Heap:
 garbage-first heap   total 811008K, used 278022K [0x0000000600000000, 0x0000000800000000)
  region size 4096K, 2 young (8192K), 2 survivors (8192K)
 Metaspace       used 175748K, committed 178560K, reserved 1245184K
  class space    used 23386K, committed 24768K, reserved 1048576K
GC Heap History (20 events):
Event: 1394.265 GC heap after
{Heap after GC invocations=76 (full 0):
 garbage-first heap   total 569344K, used 233501K [0x0000000600000000, 0x0000000800000000)
  region size 4096K, 4 young (16384K), 4 survivors (16384K)
 Metaspace       used 173638K, committed 176448K, reserved 1245184K
  class space    used 23351K, committed 24704K, reserved 1048576K
}
Event: 1428.694 GC heap before
{Heap before GC invocations=76 (full 0):
 garbage-first heap   total 614400K, used 606237K [0x0000000600000000, 0x0000000800000000)
  region size 4096K, 65 young (266240K), 4 survivors (16384K)
 Metaspace       used 174505K, committed 177216K, reserved 1245184K
  class space    used 23357K, committed 24704K, reserved 1048576K
}
Event: 1428.926 GC heap after
{Heap after GC invocations=77 (full 0):
 garbage-first heap   total 655360K, used 355417K [0x0000000600000000, 0x0000000800000000)
  region size 4096K, 9 young (36864K), 9 survivors (36864K)
 Metaspace       used 174505K, committed 177216K, reserved 1245184K
  class space    used 23357K, committed 24704K, reserved 1048576K
}
Event: 1430.561 GC heap before
{Heap before GC invocations=77 (full 0):
 garbage-first heap   total 655360K, used 449625K [0x0000000600000000, 0x0000000800000000)
  region size 4096K, 32 young (131072K), 9 survivors (36864K)
 Metaspace       used 174562K, committed 177280K, reserved 1245184K
  class space    used 23357K, committed 24704K, reserved 1048576K
}
Event: 1430.673 GC heap after
{Heap after GC invocations=78 (full 0):
 garbage-first heap   total 655360K, used 332132K [0x0000000600000000, 0x0000000800000000)
  region size 4096K, 4 young (16384K), 4 survivors (16384K)
 Metaspace       used 174562K, committed 177280K, reserved 1245184K
  class space    used 23357K, committed 24704K, reserved 1048576K
}
Event: 1430.964 GC heap before
{Heap before GC invocations=78 (full 0):
 garbage-first heap   total 655360K, used 348516K [0x0000000600000000, 0x0000000800000000)
  region size 4096K, 8 young (32768K), 4 survivors (16384K)
 Metaspace       used 174610K, committed 177344K, reserved 1245184K
  class space    used 23357K, committed 24704K, reserved 1048576K
}
Event: 1430.997 GC heap after
{Heap after GC invocations=79 (full 0):
 garbage-first heap   total 786432K, used 334587K [0x0000000600000000, 0x0000000800000000)
  region size 4096K, 1 young (4096K), 1 survivors (4096K)
 Metaspace       used 174610K, committed 177344K, reserved 1245184K
  class space    used 23357K, committed 24704K, reserved 1048576K
}
Event: 1431.705 GC heap before
{Heap before GC invocations=79 (full 0):
 garbage-first heap   total 786432K, used 375547K [0x0000000600000000, 0x0000000800000000)
  region size 4096K, 11 young (45056K), 1 survivors (4096K)
 Metaspace       used 174625K, committed 177408K, reserved 1245184K
  class space    used 23357K, committed 24704K, reserved 1048576K
}
Event: 1431.807 GC heap after
{Heap after GC invocations=80 (full 0):
 garbage-first heap   total 786432K, used 337545K [0x0000000600000000, 0x0000000800000000)
  region size 4096K, 2 young (8192K), 2 survivors (8192K)
 Metaspace       used 174625K, committed 177408K, reserved 1245184K
  class space    used 23357K, committed 24704K, reserved 1048576K
}
Event: 1434.781 GC heap before
{Heap before GC invocations=80 (full 0):
 garbage-first heap   total 786432K, used 321161K [0x0000000600000000, 0x0000000800000000)
  region size 4096K, 10 young (40960K), 2 survivors (8192K)
 Metaspace       used 174631K, committed 177408K, reserved 1245184K
  class space    used 23356K, committed 24704K, reserved 1048576K
}
Event: 1434.815 GC heap after
{Heap after GC invocations=81 (full 0):
 garbage-first heap   total 786432K, used 297472K [0x0000000600000000, 0x0000000800000000)
  region size 4096K, 2 young (8192K), 2 survivors (8192K)
 Metaspace       used 174631K, committed 177408K, reserved 1245184K
  class space    used 23356K, committed 24704K, reserved 1048576K
}
Event: 1436.087 GC heap before
{Heap before GC invocations=82 (full 0):
 garbage-first heap   total 786432K, used 322048K [0x0000000600000000, 0x0000000800000000)
  region size 4096K, 9 young (36864K), 2 survivors (8192K)
 Metaspace       used 174633K, committed 177408K, reserved 1245184K
  class space    used 23356K, committed 24704K, reserved 1048576K
}
Event: 1436.114 GC heap after
{Heap after GC invocations=83 (full 0):
 garbage-first heap   total 786432K, used 305440K [0x0000000600000000, 0x0000000800000000)
  region size 4096K, 2 young (8192K), 2 survivors (8192K)
 Metaspace       used 174633K, committed 177408K, reserved 1245184K
  class space    used 23356K, committed 24704K, reserved 1048576K
}
Event: 2455.184 GC heap before
{Heap before GC invocations=83 (full 0):
 garbage-first heap   total 786432K, used 780576K [0x0000000600000000, 0x0000000800000000)
  region size 4096K, 90 young (368640K), 2 survivors (8192K)
 Metaspace       used 175553K, committed 178368K, reserved 1245184K
  class space    used 23381K, committed 24768K, reserved 1048576K
}
Event: 2456.353 GC heap after
{Heap after GC invocations=84 (full 0):
 garbage-first heap   total 811008K, used 284198K [0x0000000600000000, 0x0000000800000000)
  region size 4096K, 4 young (16384K), 4 survivors (16384K)
 Metaspace       used 175553K, committed 178368K, reserved 1245184K
  class space    used 23381K, committed 24768K, reserved 1048576K
}
Event: 2457.347 GC heap before
{Heap before GC invocations=84 (full 0):
 garbage-first heap   total 811008K, used 304678K [0x0000000600000000, 0x0000000800000000)
  region size 4096K, 9 young (36864K), 4 survivors (16384K)
 Metaspace       used 175562K, committed 178432K, reserved 1245184K
  class space    used 23381K, committed 24768K, reserved 1048576K
}
Event: 2457.414 GC heap after
{Heap after GC invocations=85 (full 0):
 garbage-first heap   total 811008K, used 282372K [0x0000000600000000, 0x0000000800000000)
  region size 4096K, 1 young (4096K), 1 survivors (4096K)
 Metaspace       used 175562K, committed 178432K, reserved 1245184K
  class space    used 23381K, committed 24768K, reserved 1048576K
}
Event: 2460.803 GC heap before
{Heap before GC invocations=86 (full 0):
 garbage-first heap   total 811008K, used 311044K [0x0000000600000000, 0x0000000800000000)
  region size 4096K, 9 young (36864K), 1 survivors (4096K)
 Metaspace       used 175626K, committed 178432K, reserved 1245184K
  class space    used 23385K, committed 24768K, reserved 1048576K
}
Event: 2460.812 GC heap after
{Heap after GC invocations=87 (full 0):
 garbage-first heap   total 811008K, used 281499K [0x0000000600000000, 0x0000000800000000)
  region size 4096K, 2 young (8192K), 2 survivors (8192K)
 Metaspace       used 175626K, committed 178432K, reserved 1245184K
  class space    used 23385K, committed 24768K, reserved 1048576K
}
Event: 2494.224 GC heap before
{Heap before GC invocations=87 (full 0):
 garbage-first heap   total 811008K, used 310171K [0x0000000600000000, 0x0000000800000000)
  region size 4096K, 9 young (36864K), 2 survivors (8192K)
 Metaspace       used 175748K, committed 178560K, reserved 1245184K
  class space    used 23386K, committed 24768K, reserved 1048576K
}

