# JRE version: OpenJDK Runtime Environment (21.0.4) (build 21.0.4+-12508038-b607.1)
# Java VM: OpenJDK 64-Bit Server VM (21.0.4+-12508038-b607.1, mixed mode, tiered, compressed oops, compressed class ptrs, g1 gc, windows-amd64)
GC Precious Log:
 CardTable entry size: 512
 Card Set container configuration: InlinePtr #cards 4 size 8 Array Of Cards #cards 32 size 80 Howl #buckets 8 coarsen threshold 7372 Howl Bitmap #cards 1024 size 144 coarsen threshold 921 Card regions per heap region 1 cards per card region 8192
 CPUs: 8 total, 8 available
 Memory: 5877M
 Large Page Support: Disabled
 NUMA Support: Disabled
 Compressed Oops: Enabled (Zero based)
 Heap Region Size: 4M
 Heap Min Capacity: 8M
 Heap Initial Capacity: 92M
 Heap Max Capacity: 8G
 Pre-touch: Disabled
 Parallel Workers: 8
 Concurrent Workers: 2
 Concurrent Refinement Workers: 8
 Periodic GC: Disabled
Heap:
 garbage-first heap   total 1380352K, used 533931K [0x0000000600000000, 0x0000000800000000)
  region size 4096K, 2 young (8192K), 2 survivors (8192K)
 Metaspace       used 179273K, committed 182208K, reserved 1245184K
  class space    used 23541K, committed 24960K, reserved 1048576K
GC Heap History (20 events):
Event: 2447.934 GC heap after
{Heap after GC invocations=85 (full 0):
 garbage-first heap   total 2273280K, used 391650K [0x0000000600000000, 0x0000000800000000)
  region size 4096K, 1 young (4096K), 1 survivors (4096K)
 Metaspace       used 177648K, committed 180480K, reserved 1245184K
  class space    used 23496K, committed 24896K, reserved 1048576K
}
Event: 3556.027 GC heap before
{Heap before GC invocations=86 (full 0):
 garbage-first heap   total 1310720K, used 1305058K [0x0000000600000000, 0x0000000800000000)
  region size 4096K, 170 young (696320K), 1 survivors (4096K)
 Metaspace       used 178314K, committed 181120K, reserved 1245184K
  class space    used 23507K, committed 24896K, reserved 1048576K
}
Event: 3556.535 GC heap after
{Heap after GC invocations=87 (full 0):
 garbage-first heap   total 1380352K, used 450479K [0x0000000600000000, 0x0000000800000000)
  region size 4096K, 17 young (69632K), 17 survivors (69632K)
 Metaspace       used 178314K, committed 181120K, reserved 1245184K
  class space    used 23507K, committed 24896K, reserved 1048576K
}
Event: 3558.825 GC heap before
{Heap before GC invocations=87 (full 0):
 garbage-first heap   total 1380352K, used 524207K [0x0000000600000000, 0x0000000800000000)
  region size 4096K, 34 young (139264K), 17 survivors (69632K)
 Metaspace       used 178334K, committed 181120K, reserved 1245184K
  class space    used 23507K, committed 24896K, reserved 1048576K
}
Event: 3559.177 GC heap after
{Heap after GC invocations=88 (full 0):
 garbage-first heap   total 1380352K, used 461125K [0x0000000600000000, 0x0000000800000000)
  region size 4096K, 3 young (12288K), 3 survivors (12288K)
 Metaspace       used 178334K, committed 181120K, reserved 1245184K
  class space    used 23507K, committed 24896K, reserved 1048576K
}
Event: 3569.598 GC heap before
{Heap before GC invocations=88 (full 0):
 garbage-first heap   total 1380352K, used 596293K [0x0000000600000000, 0x0000000800000000)
  region size 4096K, 34 young (139264K), 3 survivors (12288K)
 Metaspace       used 178824K, committed 181760K, reserved 1245184K
  class space    used 23528K, committed 24960K, reserved 1048576K
}
Event: 3569.689 GC heap after
{Heap after GC invocations=89 (full 0):
 garbage-first heap   total 1380352K, used 452501K [0x0000000600000000, 0x0000000800000000)
  region size 4096K, 3 young (12288K), 3 survivors (12288K)
 Metaspace       used 178824K, committed 181760K, reserved 1245184K
  class space    used 23528K, committed 24960K, reserved 1048576K
}
Event: 4557.782 GC heap before
{Heap before GC invocations=89 (full 0):
 garbage-first heap   total 1380352K, used 706453K [0x0000000600000000, 0x0000000800000000)
  region size 4096K, 42 young (172032K), 3 survivors (12288K)
 Metaspace       used 178978K, committed 181888K, reserved 1245184K
  class space    used 23533K, committed 24960K, reserved 1048576K
}
Event: 4558.255 GC heap after
{Heap after GC invocations=90 (full 0):
 garbage-first heap   total 1380352K, used 441069K [0x0000000600000000, 0x0000000800000000)
  region size 4096K, 2 young (8192K), 2 survivors (8192K)
 Metaspace       used 178978K, committed 181888K, reserved 1245184K
  class space    used 23533K, committed 24960K, reserved 1048576K
}
Event: 4561.334 GC heap before
{Heap before GC invocations=90 (full 0):
 garbage-first heap   total 1380352K, used 498413K [0x0000000600000000, 0x0000000800000000)
  region size 4096K, 16 young (65536K), 2 survivors (8192K)
 Metaspace       used 179011K, committed 181888K, reserved 1245184K
  class space    used 23534K, committed 24960K, reserved 1048576K
}
Event: 4561.405 GC heap after
{Heap after GC invocations=91 (full 0):
 garbage-first heap   total 1380352K, used 436997K [0x0000000600000000, 0x0000000800000000)
  region size 4096K, 2 young (8192K), 2 survivors (8192K)
 Metaspace       used 179011K, committed 181888K, reserved 1245184K
  class space    used 23534K, committed 24960K, reserved 1048576K
}
Event: 4612.566 GC heap before
{Heap before GC invocations=91 (full 0):
 garbage-first heap   total 1380352K, used 490245K [0x0000000600000000, 0x0000000800000000)
  region size 4096K, 16 young (65536K), 2 survivors (8192K)
 Metaspace       used 179131K, committed 182016K, reserved 1245184K
  class space    used 23537K, committed 24960K, reserved 1048576K
}
Event: 4612.748 GC heap after
{Heap after GC invocations=92 (full 0):
 garbage-first heap   total 1380352K, used 435261K [0x0000000600000000, 0x0000000800000000)
  region size 4096K, 2 young (8192K), 2 survivors (8192K)
 Metaspace       used 179131K, committed 182016K, reserved 1245184K
  class space    used 23537K, committed 24960K, reserved 1048576K
}
Event: 4616.511 GC heap before
{Heap before GC invocations=92 (full 0):
 garbage-first heap   total 1380352K, used 558141K [0x0000000600000000, 0x0000000800000000)
  region size 4096K, 17 young (69632K), 2 survivors (8192K)
 Metaspace       used 179201K, committed 182144K, reserved 1245184K
  class space    used 23537K, committed 24960K, reserved 1048576K
}
Event: 4616.614 GC heap after
{Heap after GC invocations=93 (full 0):
 garbage-first heap   total 1380352K, used 498216K [0x0000000600000000, 0x0000000800000000)
  region size 4096K, 1 young (4096K), 1 survivors (4096K)
 Metaspace       used 179201K, committed 182144K, reserved 1245184K
  class space    used 23537K, committed 24960K, reserved 1048576K
}
Event: 4619.145 GC heap before
{Heap before GC invocations=93 (full 0):
 garbage-first heap   total 1380352K, used 649768K [0x0000000600000000, 0x0000000800000000)
  region size 4096K, 25 young (102400K), 1 survivors (4096K)
 Metaspace       used 179264K, committed 182208K, reserved 1245184K
  class space    used 23541K, committed 24960K, reserved 1048576K
}
Event: 4619.387 GC heap after
{Heap after GC invocations=94 (full 0):
 garbage-first heap   total 1380352K, used 552958K [0x0000000600000000, 0x0000000800000000)
  region size 4096K, 4 young (16384K), 4 survivors (16384K)
 Metaspace       used 179264K, committed 182208K, reserved 1245184K
  class space    used 23541K, committed 24960K, reserved 1048576K
}
Event: 4620.164 GC heap before
{Heap before GC invocations=94 (full 0):
 garbage-first heap   total 1380352K, used 602110K [0x0000000600000000, 0x0000000800000000)
  region size 4096K, 16 young (65536K), 4 survivors (16384K)
 Metaspace       used 179270K, committed 182208K, reserved 1245184K
  class space    used 23541K, committed 24960K, reserved 1048576K
}
Event: 4620.275 GC heap after
{Heap after GC invocations=95 (full 0):
 garbage-first heap   total 1380352K, used 524288K [0x0000000600000000, 0x0000000800000000)
  region size 4096K, 2 young (8192K), 2 survivors (8192K)
 Metaspace       used 179270K, committed 182208K, reserved 1245184K
  class space    used 23541K, committed 24960K, reserved 1048576K
}
Event: 4621.181 GC heap before
{Heap before GC invocations=95 (full 0):
 garbage-first heap   total 1380352K, used 577536K [0x0000000600000000, 0x0000000800000000)
  region size 4096K, 16 young (65536K), 2 survivors (8192K)
 Metaspace       used 179273K, committed 182208K, reserved 1245184K
  class space    used 23541K, committed 24960K, reserved 1048576K
}

