# JRE version: OpenJDK Runtime Environment (21.0.4) (build 21.0.4+-12508038-b607.1)
# Java VM: OpenJDK 64-Bit Server VM (21.0.4+-12508038-b607.1, mixed mode, tiered, compressed oops, compressed class ptrs, g1 gc, windows-amd64)
GC Precious Log:
 CardTable entry size: 512
 Card Set container configuration: InlinePtr #cards 4 size 8 Array Of Cards #cards 32 size 80 Howl #buckets 8 coarsen threshold 7372 Howl Bitmap #cards 1024 size 144 coarsen threshold 921 Card regions per heap region 1 cards per card region 8192
 CPUs: 8 total, 8 available
 Memory: 5877M
 Large Page Support: Disabled
 NUMA Support: Disabled
 Compressed Oops: Enabled (Zero based)
 Heap Region Size: 4M
 Heap Min Capacity: 8M
 Heap Initial Capacity: 92M
 Heap Max Capacity: 8G
 Pre-touch: Disabled
 Parallel Workers: 8
 Concurrent Workers: 2
 Concurrent Refinement Workers: 8
 Periodic GC: Disabled
Heap:
 garbage-first heap   total 1204224K, used 513478K [0x0000000600000000, 0x0000000800000000)
  region size 4096K, 2 young (8192K), 2 survivors (8192K)
 Metaspace       used 180732K, committed 183552K, reserved 1245184K
  class space    used 24055K, committed 25472K, reserved 1048576K
GC Heap History (20 events):
Event: 789.889 GC heap after
{Heap after GC invocations=72 (full 0):
 garbage-first heap   total 552960K, used 245238K [0x0000000600000000, 0x0000000800000000)
  region size 4096K, 3 young (12288K), 3 survivors (12288K)
 Metaspace       used 178064K, committed 180864K, reserved 1245184K
  class space    used 24016K, committed 25408K, reserved 1048576K
}
Event: 818.045 GC heap before
{Heap before GC invocations=72 (full 0):
 garbage-first heap   total 598016K, used 593398K [0x0000000600000000, 0x0000000800000000)
  region size 4096K, 58 young (237568K), 3 survivors (12288K)
 Metaspace       used 178964K, committed 181696K, reserved 1245184K
  class space    used 24026K, committed 25408K, reserved 1048576K
}
Event: 818.250 GC heap after
{Heap after GC invocations=73 (full 0):
 garbage-first heap   total 647168K, used 377650K [0x0000000600000000, 0x0000000800000000)
  region size 4096K, 9 young (36864K), 9 survivors (36864K)
 Metaspace       used 178964K, committed 181696K, reserved 1245184K
  class space    used 24026K, committed 25408K, reserved 1048576K
}
Event: 818.508 GC heap before
{Heap before GC invocations=73 (full 0):
 garbage-first heap   total 647168K, used 398130K [0x0000000600000000, 0x0000000800000000)
  region size 4096K, 14 young (57344K), 9 survivors (36864K)
 Metaspace       used 178968K, committed 181760K, reserved 1245184K
  class space    used 24026K, committed 25408K, reserved 1048576K
}
Event: 818.584 GC heap after
{Heap after GC invocations=74 (full 0):
 garbage-first heap   total 647168K, used 299359K [0x0000000600000000, 0x0000000800000000)
  region size 4096K, 2 young (8192K), 2 survivors (8192K)
 Metaspace       used 178968K, committed 181760K, reserved 1245184K
  class space    used 24026K, committed 25408K, reserved 1048576K
}
Event: 822.934 GC heap before
{Heap before GC invocations=74 (full 0):
 garbage-first heap   total 647168K, used 455007K [0x0000000600000000, 0x0000000800000000)
  region size 4096K, 41 young (167936K), 2 survivors (8192K)
 Metaspace       used 179129K, committed 181952K, reserved 1245184K
  class space    used 24026K, committed 25408K, reserved 1048576K
}
Event: 823.051 GC heap after
{Heap after GC invocations=75 (full 0):
 garbage-first heap   total 647168K, used 335552K [0x0000000600000000, 0x0000000800000000)
  region size 4096K, 6 young (24576K), 6 survivors (24576K)
 Metaspace       used 179129K, committed 181952K, reserved 1245184K
  class space    used 24026K, committed 25408K, reserved 1048576K
}
Event: 823.799 GC heap before
{Heap before GC invocations=75 (full 0):
 garbage-first heap   total 647168K, used 388800K [0x0000000600000000, 0x0000000800000000)
  region size 4096K, 17 young (69632K), 6 survivors (24576K)
 Metaspace       used 179132K, committed 181952K, reserved 1245184K
  class space    used 24026K, committed 25408K, reserved 1048576K
}
Event: 823.833 GC heap after
{Heap after GC invocations=76 (full 0):
 garbage-first heap   total 647168K, used 349431K [0x0000000600000000, 0x0000000800000000)
  region size 4096K, 1 young (4096K), 1 survivors (4096K)
 Metaspace       used 179132K, committed 181952K, reserved 1245184K
  class space    used 24026K, committed 25408K, reserved 1048576K
}
Event: 823.989 GC heap before
{Heap before GC invocations=76 (full 0):
 garbage-first heap   total 647168K, used 357623K [0x0000000600000000, 0x0000000800000000)
  region size 4096K, 4 young (16384K), 1 survivors (4096K)
 Metaspace       used 179133K, committed 181952K, reserved 1245184K
  class space    used 24026K, committed 25408K, reserved 1048576K
}
Event: 824.079 GC heap after
{Heap after GC invocations=77 (full 0):
 garbage-first heap   total 1204224K, used 347788K [0x0000000600000000, 0x0000000800000000)
  region size 4096K, 1 young (4096K), 1 survivors (4096K)
 Metaspace       used 179133K, committed 181952K, reserved 1245184K
  class space    used 24026K, committed 25408K, reserved 1048576K
}
Event: 1454.268 GC heap before
{Heap before GC invocations=77 (full 0):
 garbage-first heap   total 1204224K, used 880268K [0x0000000600000000, 0x0000000800000000)
  region size 4096K, 105 young (430080K), 1 survivors (4096K)
 Metaspace       used 180349K, committed 183232K, reserved 1245184K
  class space    used 24054K, committed 25472K, reserved 1048576K
}
Event: 1454.707 GC heap after
{Heap after GC invocations=78 (full 0):
 garbage-first heap   total 1204224K, used 356188K [0x0000000600000000, 0x0000000800000000)
  region size 4096K, 5 young (20480K), 5 survivors (20480K)
 Metaspace       used 180349K, committed 183232K, reserved 1245184K
  class space    used 24054K, committed 25472K, reserved 1048576K
}
Event: 1456.890 GC heap before
{Heap before GC invocations=78 (full 0):
 garbage-first heap   total 1204224K, used 446300K [0x0000000600000000, 0x0000000800000000)
  region size 4096K, 14 young (57344K), 5 survivors (20480K)
 Metaspace       used 180514K, committed 183360K, reserved 1245184K
  class space    used 24054K, committed 25472K, reserved 1048576K
}
Event: 1456.954 GC heap after
{Heap after GC invocations=79 (full 0):
 garbage-first heap   total 1204224K, used 416099K [0x0000000600000000, 0x0000000800000000)
  region size 4096K, 2 young (8192K), 2 survivors (8192K)
 Metaspace       used 180514K, committed 183360K, reserved 1245184K
  class space    used 24054K, committed 25472K, reserved 1048576K
}
Event: 1460.759 GC heap before
{Heap before GC invocations=79 (full 0):
 garbage-first heap   total 1204224K, used 604515K [0x0000000600000000, 0x0000000800000000)
  region size 4096K, 32 young (131072K), 2 survivors (8192K)
 Metaspace       used 180649K, committed 183488K, reserved 1245184K
  class space    used 24055K, committed 25472K, reserved 1048576K
}
Event: 1460.917 GC heap after
{Heap after GC invocations=80 (full 0):
 garbage-first heap   total 1204224K, used 498075K [0x0000000600000000, 0x0000000800000000)
  region size 4096K, 4 young (16384K), 4 survivors (16384K)
 Metaspace       used 180649K, committed 183488K, reserved 1245184K
  class space    used 24055K, committed 25472K, reserved 1048576K
}
Event: 1461.712 GC heap before
{Heap before GC invocations=80 (full 0):
 garbage-first heap   total 1204224K, used 534939K [0x0000000600000000, 0x0000000800000000)
  region size 4096K, 15 young (61440K), 4 survivors (16384K)
 Metaspace       used 180707K, committed 183488K, reserved 1245184K
  class space    used 24055K, committed 25472K, reserved 1048576K
}
Event: 1461.762 GC heap after
{Heap after GC invocations=81 (full 0):
 garbage-first heap   total 1204224K, used 505750K [0x0000000600000000, 0x0000000800000000)
  region size 4096K, 2 young (8192K), 2 survivors (8192K)
 Metaspace       used 180707K, committed 183488K, reserved 1245184K
  class space    used 24055K, committed 25472K, reserved 1048576K
}
Event: 1463.133 GC heap before
{Heap before GC invocations=81 (full 0):
 garbage-first heap   total 1204224K, used 554902K [0x0000000600000000, 0x0000000800000000)
  region size 4096K, 14 young (57344K), 2 survivors (8192K)
 Metaspace       used 180732K, committed 183552K, reserved 1245184K
  class space    used 24055K, committed 25472K, reserved 1048576K
}

