# JRE version: OpenJDK Runtime Environment (21.0.4) (build 21.0.4+-12508038-b607.1)
# Java VM: OpenJDK 64-Bit Server VM (21.0.4+-12508038-b607.1, mixed mode, tiered, compressed oops, compressed class ptrs, g1 gc, windows-amd64)
GC Precious Log:
 CardTable entry size: 512
 Card Set container configuration: InlinePtr #cards 4 size 8 Array Of Cards #cards 32 size 80 Howl #buckets 8 coarsen threshold 7372 Howl Bitmap #cards 1024 size 144 coarsen threshold 921 Card regions per heap region 1 cards per card region 8192
 CPUs: 8 total, 8 available
 Memory: 5877M
 Large Page Support: Disabled
 NUMA Support: Disabled
 Compressed Oops: Enabled (Zero based)
 Heap Region Size: 4M
 Heap Min Capacity: 8M
 Heap Initial Capacity: 92M
 Heap Max Capacity: 8G
 Pre-touch: Disabled
 Parallel Workers: 8
 Concurrent Workers: 2
 Concurrent Refinement Workers: 8
 Periodic GC: Disabled
Heap:
 garbage-first heap   total 655360K, used 221149K [0x0000000600000000, 0x0000000800000000)
  region size 4096K, 3 young (12288K), 3 survivors (12288K)
 Metaspace       used 240279K, committed 243392K, reserved 1310720K
  class space    used 30813K, committed 32320K, reserved 1048576K
GC Heap History (20 events):
Event: 5122.739 GC heap after
{Heap after GC invocations=84 (full 1):
 garbage-first heap   total 749568K, used 313166K [0x0000000600000000, 0x0000000800000000)
  region size 4096K, 3 young (12288K), 3 survivors (12288K)
 Metaspace       used 239602K, committed 242816K, reserved 1310720K
  class space    used 30770K, committed 32320K, reserved 1048576K
}
Event: 5128.490 GC heap before
{Heap before GC invocations=84 (full 1):
 garbage-first heap   total 749568K, used 513870K [0x0000000600000000, 0x0000000800000000)
  region size 4096K, 29 young (118784K), 3 survivors (12288K)
 Metaspace       used 239853K, committed 243008K, reserved 1310720K
  class space    used 30770K, committed 32320K, reserved 1048576K
}
Event: 5128.567 GC heap after
{Heap after GC invocations=85 (full 1):
 garbage-first heap   total 749568K, used 366931K [0x0000000600000000, 0x0000000800000000)
  region size 4096K, 3 young (12288K), 3 survivors (12288K)
 Metaspace       used 239853K, committed 243008K, reserved 1310720K
  class space    used 30770K, committed 32320K, reserved 1048576K
}
Event: 7267.243 GC heap before
{Heap before GC invocations=85 (full 1):
 garbage-first heap   total 749568K, used 481619K [0x0000000600000000, 0x0000000800000000)
  region size 4096K, 33 young (135168K), 3 survivors (12288K)
 Metaspace       used 240030K, committed 243200K, reserved 1310720K
  class space    used 30795K, committed 32320K, reserved 1048576K
}
Event: 7272.496 GC heap after
{Heap after GC invocations=86 (full 2):
 garbage-first heap   total 655360K, used 178716K [0x0000000600000000, 0x0000000800000000)
  region size 4096K, 0 young (0K), 0 survivors (0K)
 Metaspace       used 239760K, committed 243008K, reserved 1310720K
  class space    used 30774K, committed 32320K, reserved 1048576K
}
Event: 7943.692 GC heap before
{Heap before GC invocations=86 (full 2):
 garbage-first heap   total 655360K, used 350748K [0x0000000600000000, 0x0000000800000000)
  region size 4096K, 43 young (176128K), 0 survivors (0K)
 Metaspace       used 239917K, committed 243072K, reserved 1310720K
  class space    used 30793K, committed 32320K, reserved 1048576K
}
Event: 7943.993 GC heap after
{Heap after GC invocations=87 (full 2):
 garbage-first heap   total 655360K, used 191795K [0x0000000600000000, 0x0000000800000000)
  region size 4096K, 4 young (16384K), 4 survivors (16384K)
 Metaspace       used 239917K, committed 243072K, reserved 1310720K
  class space    used 30793K, committed 32320K, reserved 1048576K
}
Event: 7968.819 GC heap before
{Heap before GC invocations=87 (full 2):
 garbage-first heap   total 655360K, used 384307K [0x0000000600000000, 0x0000000800000000)
  region size 4096K, 30 young (122880K), 4 survivors (16384K)
 Metaspace       used 240022K, committed 243136K, reserved 1310720K
  class space    used 30806K, committed 32320K, reserved 1048576K
}
Event: 7968.945 GC heap after
{Heap after GC invocations=88 (full 2):
 garbage-first heap   total 655360K, used 208888K [0x0000000600000000, 0x0000000800000000)
  region size 4096K, 4 young (16384K), 4 survivors (16384K)
 Metaspace       used 240022K, committed 243136K, reserved 1310720K
  class space    used 30806K, committed 32320K, reserved 1048576K
}
Event: 7969.005 GC heap before
{Heap before GC invocations=88 (full 2):
 garbage-first heap   total 655360K, used 225272K [0x0000000600000000, 0x0000000800000000)
  region size 4096K, 9 young (36864K), 4 survivors (16384K)
 Metaspace       used 240022K, committed 243136K, reserved 1310720K
  class space    used 30806K, committed 32320K, reserved 1048576K
}
Event: 7969.018 GC heap after
{Heap after GC invocations=89 (full 2):
 garbage-first heap   total 655360K, used 213763K [0x0000000600000000, 0x0000000800000000)
  region size 4096K, 2 young (8192K), 2 survivors (8192K)
 Metaspace       used 240022K, committed 243136K, reserved 1310720K
  class space    used 30806K, committed 32320K, reserved 1048576K
}
Event: 10455.811 GC heap before
{Heap before GC invocations=89 (full 2):
 garbage-first heap   total 655360K, used 307971K [0x0000000600000000, 0x0000000800000000)
  region size 4096K, 26 young (106496K), 2 survivors (8192K)
 Metaspace       used 240046K, committed 243200K, reserved 1310720K
  class space    used 30806K, committed 32320K, reserved 1048576K
}
Event: 10456.099 GC heap after
{Heap after GC invocations=90 (full 2):
 garbage-first heap   total 655360K, used 207212K [0x0000000600000000, 0x0000000800000000)
  region size 4096K, 1 young (4096K), 1 survivors (4096K)
 Metaspace       used 240046K, committed 243200K, reserved 1310720K
  class space    used 30806K, committed 32320K, reserved 1048576K
}
Event: 10460.146 GC heap before
{Heap before GC invocations=90 (full 2):
 garbage-first heap   total 655360K, used 235884K [0x0000000600000000, 0x0000000800000000)
  region size 4096K, 8 young (32768K), 1 survivors (4096K)
 Metaspace       used 240065K, committed 243200K, reserved 1310720K
  class space    used 30808K, committed 32320K, reserved 1048576K
}
Event: 10460.163 GC heap after
{Heap after GC invocations=91 (full 2):
 garbage-first heap   total 655360K, used 208778K [0x0000000600000000, 0x0000000800000000)
  region size 4096K, 1 young (4096K), 1 survivors (4096K)
 Metaspace       used 240065K, committed 243200K, reserved 1310720K
  class space    used 30808K, committed 32320K, reserved 1048576K
}
Event: 10462.099 GC heap before
{Heap before GC invocations=91 (full 2):
 garbage-first heap   total 655360K, used 233354K [0x0000000600000000, 0x0000000800000000)
  region size 4096K, 8 young (32768K), 1 survivors (4096K)
 Metaspace       used 240092K, committed 243264K, reserved 1310720K
  class space    used 30808K, committed 32320K, reserved 1048576K
}
Event: 10462.201 GC heap after
{Heap after GC invocations=92 (full 2):
 garbage-first heap   total 655360K, used 212315K [0x0000000600000000, 0x0000000800000000)
  region size 4096K, 1 young (4096K), 1 survivors (4096K)
 Metaspace       used 240092K, committed 243264K, reserved 1310720K
  class space    used 30808K, committed 32320K, reserved 1048576K
}
Event: 10462.484 GC heap before
{Heap before GC invocations=92 (full 2):
 garbage-first heap   total 655360K, used 240987K [0x0000000600000000, 0x0000000800000000)
  region size 4096K, 8 young (32768K), 1 survivors (4096K)
 Metaspace       used 240105K, committed 243264K, reserved 1310720K
  class space    used 30811K, committed 32320K, reserved 1048576K
}
Event: 10462.510 GC heap after
{Heap after GC invocations=93 (full 2):
 garbage-first heap   total 655360K, used 214275K [0x0000000600000000, 0x0000000800000000)
  region size 4096K, 1 young (4096K), 1 survivors (4096K)
 Metaspace       used 240105K, committed 243264K, reserved 1310720K
  class space    used 30811K, committed 32320K, reserved 1048576K
}
Event: 10467.361 GC heap before
{Heap before GC invocations=93 (full 2):
 garbage-first heap   total 655360K, used 279811K [0x0000000600000000, 0x0000000800000000)
  region size 4096K, 17 young (69632K), 1 survivors (4096K)
 Metaspace       used 240279K, committed 243392K, reserved 1310720K
  class space    used 30813K, committed 32320K, reserved 1048576K
}

